2021-08-20 08:34:23.997  INFO 2052 --- [restartedMain] t.i.R.RecruitmentProcessApplication      : Starting RecruitmentProcessApplication using Java 1.8.0_60 on DESKTOP-K1T7U3E with PID 2052 (C:\workspace-sts-new\RecruitmentProcess\target\classes started by Admin in C:\workspace-sts-new\RecruitmentProcess)
2021-08-20 08:34:24.035  INFO 2052 --- [restartedMain] t.i.R.RecruitmentProcessApplication      : No active profile set, falling back to default profiles: default
2021-08-20 08:34:24.721  INFO 2052 --- [restartedMain] .e.DevToolsPropertyDefaultsPostProcessor : Devtools property defaults active! Set 'spring.devtools.add-properties' to 'false' to disable
2021-08-20 08:34:24.722  INFO 2052 --- [restartedMain] .e.DevToolsPropertyDefaultsPostProcessor : For additional web related logging consider setting the 'logging.level.web' property to 'DEBUG'
2021-08-20 08:34:27.782  INFO 2052 --- [restartedMain] .s.d.r.c.RepositoryConfigurationDelegate : Bootstrapping Spring Data JPA repositories in DEFAULT mode.
2021-08-20 08:34:29.611  INFO 2052 --- [restartedMain] .s.d.r.c.RepositoryConfigurationDelegate : Finished Spring Data repository scanning in 1811 ms. Found 5 JPA repository interfaces.
2021-08-20 08:34:31.953  INFO 2052 --- [restartedMain] o.s.b.w.embedded.tomcat.TomcatWebServer  : Tomcat initialized with port(s): 8080 (http)
2021-08-20 08:34:32.027  INFO 2052 --- [restartedMain] o.apache.catalina.core.StandardService   : Starting service [Tomcat]
2021-08-20 08:34:32.028  INFO 2052 --- [restartedMain] org.apache.catalina.core.StandardEngine  : Starting Servlet engine: [Apache Tomcat/9.0.50]
2021-08-20 08:34:33.838  INFO 2052 --- [restartedMain] o.a.c.c.C.[Tomcat].[localhost].[/]       : Initializing Spring embedded WebApplicationContext
2021-08-20 08:34:33.839  INFO 2052 --- [restartedMain] w.s.c.ServletWebServerApplicationContext : Root WebApplicationContext: initialization completed in 9116 ms
2021-08-20 08:34:35.185  INFO 2052 --- [restartedMain] o.hibernate.jpa.internal.util.LogHelper  : HHH000204: Processing PersistenceUnitInfo [name: default]
2021-08-20 08:34:35.374  INFO 2052 --- [restartedMain] org.hibernate.Version                    : HHH000412: Hibernate ORM core version 5.4.32.Final
2021-08-20 08:34:35.698  INFO 2052 --- [restartedMain] o.hibernate.annotations.common.Version   : HCANN000001: Hibernate Commons Annotations {5.1.2.Final}
2021-08-20 08:34:35.946  INFO 2052 --- [restartedMain] com.zaxxer.hikari.HikariDataSource       : HikariPool-1 - Starting...
2021-08-20 08:34:36.686  INFO 2052 --- [restartedMain] com.zaxxer.hikari.HikariDataSource       : HikariPool-1 - Start completed.
2021-08-20 08:34:36.736  INFO 2052 --- [restartedMain] org.hibernate.dialect.Dialect            : HHH000400: Using dialect: org.hibernate.dialect.MySQL5Dialect
2021-08-20 08:34:40.022  INFO 2052 --- [restartedMain] o.h.e.t.j.p.i.JtaPlatformInitiator       : HHH000490: Using JtaPlatform implementation: [org.hibernate.engine.transaction.jta.platform.internal.NoJtaPlatform]
2021-08-20 08:34:40.036  INFO 2052 --- [restartedMain] j.LocalContainerEntityManagerFactoryBean : Initialized JPA EntityManagerFactory for persistence unit 'default'
2021-08-20 08:34:42.822  INFO 2052 --- [restartedMain] o.s.b.d.a.OptionalLiveReloadServer       : LiveReload server is running on port 35729
2021-08-20 08:34:42.833  INFO 2052 --- [restartedMain] o.s.b.a.e.web.EndpointLinksResolver      : Exposing 1 endpoint(s) beneath base path '/actuator'
2021-08-20 08:34:43.051  INFO 2052 --- [restartedMain] o.s.b.w.embedded.tomcat.TomcatWebServer  : Tomcat started on port(s): 8080 (http) with context path ''
2021-08-20 08:34:43.074  INFO 2052 --- [restartedMain] t.i.R.RecruitmentProcessApplication      : Started RecruitmentProcessApplication in 20.865 seconds (JVM running for 27.53)
2021-08-20 08:38:11.449  INFO 2052 --- [http-nio-8080-exec-2] o.a.c.c.C.[Tomcat].[localhost].[/]       : Initializing Spring DispatcherServlet 'dispatcherServlet'
2021-08-20 08:38:11.449  INFO 2052 --- [http-nio-8080-exec-2] o.s.web.servlet.DispatcherServlet        : Initializing Servlet 'dispatcherServlet'
2021-08-20 08:38:11.452  INFO 2052 --- [http-nio-8080-exec-2] o.s.web.servlet.DispatcherServlet        : Completed initialization in 2 ms
2021-08-20 09:04:02.196  INFO 2052 --- [RMI TCP Connection(2)-127.0.0.1] inMXBeanRegistrar$SpringApplicationAdmin : Application shutdown requested.
2021-08-20 09:04:02.917  INFO 2052 --- [RMI TCP Connection(2)-127.0.0.1] j.LocalContainerEntityManagerFactoryBean : Closing JPA EntityManagerFactory for persistence unit 'default'
2021-08-20 09:04:02.918  INFO 2052 --- [RMI TCP Connection(2)-127.0.0.1] .SchemaDropperImpl$DelayedDropActionImpl : HHH000477: Starting delayed evictData of schema as part of SessionFactory shut-down'
2021-08-20 09:04:03.101  INFO 2052 --- [RMI TCP Connection(2)-127.0.0.1] com.zaxxer.hikari.HikariDataSource       : HikariPool-1 - Shutdown initiated...
2021-08-20 09:04:03.108  INFO 2052 --- [RMI TCP Connection(2)-127.0.0.1] com.zaxxer.hikari.HikariDataSource       : HikariPool-1 - Shutdown completed.
